<?xml version="1.0" encoding="UTF-8"?>
<testsuite xmlns:xsi="http://www.w3.org/2001/XMLSchema-instance" xsi:schemaLocation="https://maven.apache.org/surefire/maven-surefire-plugin/xsd/surefire-test-report.xsd" name="ec.app.AppsTest" time="30.21" tests="93" errors="1" skipped="0" failures="0">
  <properties>
    <property name="java.runtime.name" value="OpenJDK Runtime Environment"/>
    <property name="sun.boot.library.path" value="/usr/lib/jvm/java-8-openjdk-amd64/jre/lib/amd64"/>
    <property name="java.vm.version" value="25.181-b13"/>
    <property name="java.vm.vendor" value="Oracle Corporation"/>
    <property name="maven.multiModuleProjectDirectory" value="/home/fmatonte/Desktop/AlgoritmosEvolutivos/p1e1/distribucionalumnos"/>
    <property name="java.vendor.url" value="http://java.oracle.com/"/>
    <property name="path.separator" value=":"/>
    <property name="guice.disable.misplaced.annotation.check" value="true"/>
    <property name="java.vm.name" value="OpenJDK 64-Bit Server VM"/>
    <property name="file.encoding.pkg" value="sun.io"/>
    <property name="user.country" value="US"/>
    <property name="sun.java.launcher" value="SUN_STANDARD"/>
    <property name="sun.os.patch.level" value="unknown"/>
    <property name="java.vm.specification.name" value="Java Virtual Machine Specification"/>
    <property name="user.dir" value="/home/fmatonte/Desktop/AlgoritmosEvolutivos/p1e1/distribucionalumnos"/>
    <property name="java.runtime.version" value="1.8.0_181-8u181-b13-0ubuntu0.16.04.1-b13"/>
    <property name="java.awt.graphicsenv" value="sun.awt.X11GraphicsEnvironment"/>
    <property name="java.endorsed.dirs" value="/usr/lib/jvm/java-8-openjdk-amd64/jre/lib/endorsed"/>
    <property name="os.arch" value="amd64"/>
    <property name="java.io.tmpdir" value="/tmp"/>
    <property name="line.separator" value="&#10;"/>
    <property name="java.vm.specification.vendor" value="Oracle Corporation"/>
    <property name="os.name" value="Linux"/>
    <property name="classworlds.conf" value="/usr/share/maven/bin/m2.conf"/>
    <property name="sun.jnu.encoding" value="UTF-8"/>
    <property name="java.library.path" value="/usr/java/packages/lib/amd64:/usr/lib/x86_64-linux-gnu/jni:/lib/x86_64-linux-gnu:/usr/lib/x86_64-linux-gnu:/usr/lib/jni:/lib:/usr/lib"/>
    <property name="java.specification.name" value="Java Platform API Specification"/>
    <property name="java.class.version" value="52.0"/>
    <property name="sun.management.compiler" value="HotSpot 64-Bit Tiered Compilers"/>
    <property name="os.version" value="4.4.0-134-generic"/>
    <property name="user.home" value="/home/fmatonte"/>
    <property name="user.timezone" value="America/Montevideo"/>
    <property name="java.awt.printerjob" value="sun.print.PSPrinterJob"/>
    <property name="file.encoding" value="UTF-8"/>
    <property name="java.specification.version" value="1.8"/>
    <property name="user.name" value="fmatonte"/>
    <property name="java.class.path" value="/usr/share/maven/boot/plexus-classworlds-2.x.jar"/>
    <property name="org.slf4j.simpleLogger.defaultLogLevel" value="debug"/>
    <property name="java.vm.specification.version" value="1.8"/>
    <property name="sun.arch.data.model" value="64"/>
    <property name="java.home" value="/usr/lib/jvm/java-8-openjdk-amd64/jre"/>
    <property name="sun.java.command" value="org.codehaus.plexus.classworlds.launcher.Launcher clean package -e -X"/>
    <property name="java.specification.vendor" value="Oracle Corporation"/>
    <property name="user.language" value="en"/>
    <property name="awt.toolkit" value="sun.awt.X11.XToolkit"/>
    <property name="java.vm.info" value="mixed mode"/>
    <property name="java.version" value="1.8.0_181"/>
    <property name="java.ext.dirs" value="/usr/lib/jvm/java-8-openjdk-amd64/jre/lib/ext:/usr/java/packages/lib/ext"/>
    <property name="securerandom.source" value="file:/dev/./urandom"/>
    <property name="sun.boot.class.path" value="/usr/lib/jvm/java-8-openjdk-amd64/jre/lib/resources.jar:/usr/lib/jvm/java-8-openjdk-amd64/jre/lib/rt.jar:/usr/lib/jvm/java-8-openjdk-amd64/jre/lib/sunrsasign.jar:/usr/lib/jvm/java-8-openjdk-amd64/jre/lib/jsse.jar:/usr/lib/jvm/java-8-openjdk-amd64/jre/lib/jce.jar:/usr/lib/jvm/java-8-openjdk-amd64/jre/lib/charsets.jar:/usr/lib/jvm/java-8-openjdk-amd64/jre/lib/jfr.jar:/usr/lib/jvm/java-8-openjdk-amd64/jre/classes"/>
    <property name="java.vendor" value="Oracle Corporation"/>
    <property name="maven.home" value="/usr/share/maven"/>
    <property name="file.separator" value="/"/>
    <property name="java.vendor.url.bug" value="http://bugreport.sun.com/bugreport/"/>
    <property name="sun.cpu.endian" value="little"/>
    <property name="sun.io.unicode.encoding" value="UnicodeLittle"/>
    <property name="sun.desktop" value="gnome"/>
    <property name="sun.cpu.isalist" value=""/>
  </properties>
  <testcase name="testIfRuns[0: src/main/resources/ec/app/edge/6.params]" classname="ec.app.AppsTest" time="0.184"/>
  <testcase name="testIfRuns[1: src/main/resources/ec/app/edge/4.params]" classname="ec.app.AppsTest" time="0.111"/>
  <testcase name="testIfRuns[2: src/main/resources/ec/app/edge/7.params]" classname="ec.app.AppsTest" time="0.068"/>
  <testcase name="testIfRuns[3: src/main/resources/ec/app/edge/5.params]" classname="ec.app.AppsTest" time="0.036"/>
  <testcase name="testIfRuns[4: src/main/resources/ec/app/edge/3.params]" classname="ec.app.AppsTest" time="0.032"/>
  <testcase name="testIfRuns[5: src/main/resources/ec/app/edge/2.params]" classname="ec.app.AppsTest" time="0.02"/>
  <testcase name="testIfRuns[6: src/main/resources/ec/app/edge/1.params]" classname="ec.app.AppsTest" time="0.022"/>
  <testcase name="testIfRuns[7: src/main/resources/ec/app/multiplexerslow/6.params]" classname="ec.app.AppsTest" time="0.032"/>
  <testcase name="testIfRuns[8: src/main/resources/ec/app/multiplexerslow/3.params]" classname="ec.app.AppsTest" time="0.006"/>
  <testcase name="testIfRuns[9: src/main/resources/ec/app/multiplexerslow/11.params]" classname="ec.app.AppsTest" time="0.207"/>
  <testcase name="testIfRuns[10: src/main/resources/ec/app/nk/nk.params]" classname="ec.app.AppsTest" time="0.025"/>
  <testcase name="testIfRuns[11: src/main/resources/ec/app/moosuite/zdt2.params]" classname="ec.app.AppsTest" time="0.053"/>
  <testcase name="testIfRuns[12: src/main/resources/ec/app/moosuite/pol.params]" classname="ec.app.AppsTest" time="0.008"/>
  <testcase name="testIfRuns[13: src/main/resources/ec/app/moosuite/sch.params]" classname="ec.app.AppsTest" time="0.007"/>
  <testcase name="testIfRuns[14: src/main/resources/ec/app/moosuite/kur.params]" classname="ec.app.AppsTest" time="0.005"/>
  <testcase name="testIfRuns[15: src/main/resources/ec/app/moosuite/zdt4.params]" classname="ec.app.AppsTest" time="0.007"/>
  <testcase name="testIfRuns[16: src/main/resources/ec/app/moosuite/fon.params]" classname="ec.app.AppsTest" time="0.005"/>
  <testcase name="testIfRuns[17: src/main/resources/ec/app/moosuite/qv.params]" classname="ec.app.AppsTest" time="0.047"/>
  <testcase name="testIfRuns[18: src/main/resources/ec/app/moosuite/zdt3.params]" classname="ec.app.AppsTest" time="0.016"/>
  <testcase name="testIfRuns[19: src/main/resources/ec/app/moosuite/unconstrained-f3.params]" classname="ec.app.AppsTest" time="0.011"/>
  <testcase name="testIfRuns[20: src/main/resources/ec/app/moosuite/sphere.params]" classname="ec.app.AppsTest" time="0.005"/>
  <testcase name="testIfRuns[21: src/main/resources/ec/app/moosuite/zdt1.params]" classname="ec.app.AppsTest" time="0.015"/>
  <testcase name="testIfRuns[22: src/main/resources/ec/app/moosuite/zdt6.params]" classname="ec.app.AppsTest" time="0.007"/>
  <testcase name="testIfRuns[23: src/main/resources/ec/app/moosuite/f2.params]" classname="ec.app.AppsTest" time="0.007"/>
  <testcase name="testIfRuns[24: src/main/resources/ec/app/singular/singular.params]" classname="ec.app.AppsTest" time="0.027"/>
  <testcase name="testIfRuns[25: src/main/resources/ec/app/spatial/spatial.params]" classname="ec.app.AppsTest" time="0.009"/>
  <testcase name="testIfRuns[26: src/main/resources/ec/app/spatial/spatialcoevolve.params]" classname="ec.app.AppsTest" time="0.01"/>
  <testcase name="testIfRuns[27: src/main/resources/ec/app/lid/lid.params]" classname="ec.app.AppsTest" time="0.051"/>
  <testcase name="testIfRuns[28: src/main/resources/ec/app/xor/xor.params]" classname="ec.app.AppsTest" time="0.027"/>
  <testcase name="testIfRuns[29: src/main/resources/ec/app/parity/parity.params]" classname="ec.app.AppsTest" time="0.578"/>
  <testcase name="testIfRuns[30: src/main/resources/ec/app/parity/adf.params]" classname="ec.app.AppsTest" time="0.027"/>
  <testcase name="testIfRuns[31: src/main/resources/ec/app/lawnmower/ge.params]" classname="ec.app.AppsTest" time="0.05"/>
  <testcase name="testIfRuns[32: src/main/resources/ec/app/lawnmower/noadf.params]" classname="ec.app.AppsTest" time="0.015"/>
  <testcase name="testIfRuns[33: src/main/resources/ec/app/lawnmower/adf.params]" classname="ec.app.AppsTest" time="0.027"/>
  <testcase name="testIfRuns[34: src/main/resources/ec/app/ant/ge.params]" classname="ec.app.AppsTest" time="0.039"/>
  <testcase name="testIfRuns[35: src/main/resources/ec/app/ant/progn4.params]" classname="ec.app.AppsTest" time="0.039"/>
  <testcase name="testIfRuns[36: src/main/resources/ec/app/ant/ant.params]" classname="ec.app.AppsTest" time="0.032"/>
  <testcase name="testIfRuns[37: src/main/resources/ec/app/bbob/de.params]" classname="ec.app.AppsTest" time="0.071"/>
  <testcase name="testIfRuns[38: src/main/resources/ec/app/bbob/bbob.params]" classname="ec.app.AppsTest" time="0.047"/>
  <testcase name="testIfRuns[39: src/main/resources/ec/app/coevolve1/coevolve1.params]" classname="ec.app.AppsTest" time="0.01"/>
  <testcase name="testIfRuns[40: src/main/resources/ec/app/sum/pbil.params]" classname="ec.app.AppsTest" time="0.013"/>
  <testcase name="testIfRuns[41: src/main/resources/ec/app/sum/steadysum.params]" classname="ec.app.AppsTest" time="0.005"/>
  <testcase name="testIfRuns[42: src/main/resources/ec/app/sum/sum.params]" classname="ec.app.AppsTest" time="0.001"/>
  <testcase name="testIfRuns[43: src/main/resources/ec/app/hiff/hiff.params]" classname="ec.app.AppsTest" time="0.025"/>
  <testcase name="testIfRuns[44: src/main/resources/ec/app/gpsemantics/majority.params]" classname="ec.app.AppsTest" time="0.016"/>
  <testcase name="testIfRuns[45: src/main/resources/ec/app/gpsemantics/order.params]" classname="ec.app.AppsTest" time="0.004"/>
  <testcase name="testIfRuns[46: src/main/resources/ec/app/gpsemantics/semantic.params]" classname="ec.app.AppsTest" time="0.003"/>
  <testcase name="testIfRuns[47: src/main/resources/ec/app/royaltree/royaltree.params]" classname="ec.app.AppsTest" time="0.338"/>
  <testcase name="testIfRuns[48: src/main/resources/ec/app/majority/majorityga.params]" classname="ec.app.AppsTest" time="15.948"/>
  <testcase name="testIfRuns[49: src/main/resources/ec/app/majority/majoritygp.params]" classname="ec.app.AppsTest" time="4.726"/>
  <testcase name="testIfRuns[50: src/main/resources/ec/app/twobox/noadf.params]" classname="ec.app.AppsTest" time="0.019"/>
  <testcase name="testIfRuns[51: src/main/resources/ec/app/twobox/adf.params]" classname="ec.app.AppsTest" time="0.018"/>
  <testcase name="testIfRuns[52: src/main/resources/ec/app/tutorial2/tutorial2.params]" classname="ec.app.AppsTest" time="0.005"/>
  <testcase name="testIfRuns[53: src/main/resources/ec/app/multiplexer/6.params]" classname="ec.app.AppsTest" time="0.019"/>
  <testcase name="testIfRuns[54: src/main/resources/ec/app/multiplexer/3.params]" classname="ec.app.AppsTest" time="0.008"/>
  <testcase name="testIfRuns[55: src/main/resources/ec/app/multiplexer/11.params]" classname="ec.app.AppsTest" time="0.039"/>
  <testcase name="testIfRuns[56: src/main/resources/ec/app/tutorial1/tutorial1.params]" classname="ec.app.AppsTest" time="0.002"/>
  <testcase name="testIfRuns[57: src/main/resources/ec/app/highdimension/highdimension.params]" classname="ec.app.AppsTest" time="0.006"/>
  <testcase name="testIfRuns[58: src/main/resources/ec/app/gui/coevolve2.params]" classname="ec.app.AppsTest" time="0.089"/>
  <testcase name="testIfRuns[59: src/main/resources/ec/app/gui/ant.params]" classname="ec.app.AppsTest" time="0.027"/>
  <testcase name="testIfRuns[60: src/main/resources/ec/app/push/regression.params]" classname="ec.app.AppsTest" time="0.523"/>
  <testcase name="testIfRuns[61: src/main/resources/ec/app/tutorial3/tutorial3.params]" classname="ec.app.AppsTest" time="0.015"/>
  <testcase name="testIfRuns[62: src/main/resources/ec/app/tutorial4/tutorial4.params]" classname="ec.app.AppsTest" time="0.02"/>
  <testcase name="testIfRuns[63: src/main/resources/ec/app/ordertree/ordertree.params]" classname="ec.app.AppsTest" time="0.012"/>
  <testcase name="testIfRuns[64: src/main/resources/ec/app/ecsuite/amalgam.params]" classname="ec.app.AppsTest" time="0.021"/>
  <testcase name="testIfRuns[65: src/main/resources/ec/app/ecsuite/meta.params]" classname="ec.app.AppsTest" time="4.505"/>
  <testcase name="testIfRuns[66: src/main/resources/ec/app/ecsuite/hcsteep.params]" classname="ec.app.AppsTest" time="0.018"/>
  <testcase name="testIfRuns[67: src/main/resources/ec/app/ecsuite/cmaes.params]" classname="ec.app.AppsTest" time="0.017"/>
  <testcase name="testIfRuns[68: src/main/resources/ec/app/ecsuite/de.params]" classname="ec.app.AppsTest" time="0.062"/>
  <testcase name="testIfRuns[69: src/main/resources/ec/app/ecsuite/steady.params]" classname="ec.app.AppsTest" time="0.045"/>
  <testcase name="testIfRuns[70: src/main/resources/ec/app/ecsuite/sa.params]" classname="ec.app.AppsTest" time="0.02"/>
  <testcase name="testIfRuns[71: src/main/resources/ec/app/ecsuite/base.params]" classname="ec.app.AppsTest" time="0.018"/>
  <testcase name="testIfRuns[72: src/main/resources/ec/app/ecsuite/es.params]" classname="ec.app.AppsTest" time="0.02"/>
  <testcase name="testIfRuns[73: src/main/resources/ec/app/ecsuite/pso.params]" classname="ec.app.AppsTest" time="0.057"/>
  <testcase name="testIfRuns[74: src/main/resources/ec/app/ecsuite/single.params]" classname="ec.app.AppsTest" time="0.017"/>
  <testcase name="testIfRuns[75: src/main/resources/ec/app/ecsuite/hcsteepwr.params]" classname="ec.app.AppsTest" time="0.019"/>
  <testcase name="testIfRuns[76: src/main/resources/ec/app/ecsuite/hc.params]" classname="ec.app.AppsTest" time="0.022"/>
  <testcase name="testIfRuns[77: src/main/resources/ec/app/ecsuite/ecsuite.params]" classname="ec.app.AppsTest" time="0.039"/>
  <testcase name="testIfRuns[78: src/main/resources/ec/app/coevolve2/coevolve2.params]" classname="ec.app.AppsTest" time="0.043"/>
  <testcase name="testIfRuns[79: src/main/resources/ec/app/p1e1/p1e1.params]" classname="ec.app.AppsTest" time="0.008">
    <error type="java.lang.NullPointerException">java.lang.NullPointerException
	at ec.app.p1e1.p1e1.evaluate(p1e1.java:35)
	at ec.simple.SimpleEvaluator.evalPopChunk(SimpleEvaluator.java:264)
	at ec.simple.SimpleEvaluator.evaluatePopulation(SimpleEvaluator.java:202)
	at ec.simple.SimpleEvolutionState.evolve(SimpleEvolutionState.java:68)
	at ec.EvolutionState.run(EvolutionState.java:482)
	at ec.app.AppsTest.testIfRuns(AppsTest.java:134)
	at sun.reflect.GeneratedMethodAccessor4.invoke(Unknown Source)
	at sun.reflect.DelegatingMethodAccessorImpl.invoke(DelegatingMethodAccessorImpl.java:43)
	at java.lang.reflect.Method.invoke(Method.java:498)
	at org.junit.runners.model.FrameworkMethod$1.runReflectiveCall(FrameworkMethod.java:50)
	at org.junit.internal.runners.model.ReflectiveCallable.run(ReflectiveCallable.java:12)
	at org.junit.runners.model.FrameworkMethod.invokeExplosively(FrameworkMethod.java:47)
	at org.junit.internal.runners.statements.InvokeMethod.evaluate(InvokeMethod.java:17)
	at org.junit.runners.ParentRunner.runLeaf(ParentRunner.java:325)
	at org.junit.runners.BlockJUnit4ClassRunner.runChild(BlockJUnit4ClassRunner.java:78)
	at org.junit.runners.BlockJUnit4ClassRunner.runChild(BlockJUnit4ClassRunner.java:57)
	at org.junit.runners.ParentRunner$3.run(ParentRunner.java:290)
	at org.junit.runners.ParentRunner$1.schedule(ParentRunner.java:71)
	at org.junit.runners.ParentRunner.runChildren(ParentRunner.java:288)
	at org.junit.runners.ParentRunner.access$000(ParentRunner.java:58)
	at org.junit.runners.ParentRunner$2.evaluate(ParentRunner.java:268)
	at org.junit.runners.ParentRunner.run(ParentRunner.java:363)
	at org.junit.runners.Suite.runChild(Suite.java:128)
	at org.junit.runners.Suite.runChild(Suite.java:27)
	at org.junit.runners.ParentRunner$3.run(ParentRunner.java:290)
	at org.junit.runners.ParentRunner$1.schedule(ParentRunner.java:71)
	at org.junit.runners.ParentRunner.runChildren(ParentRunner.java:288)
	at org.junit.runners.ParentRunner.access$000(ParentRunner.java:58)
	at org.junit.runners.ParentRunner$2.evaluate(ParentRunner.java:268)
	at org.junit.internal.runners.statements.RunBefores.evaluate(RunBefores.java:26)
	at org.junit.runners.ParentRunner.run(ParentRunner.java:363)
	at org.apache.maven.surefire.junit4.JUnit4Provider.execute(JUnit4Provider.java:367)
	at org.apache.maven.surefire.junit4.JUnit4Provider.executeWithRerun(JUnit4Provider.java:274)
	at org.apache.maven.surefire.junit4.JUnit4Provider.executeTestSet(JUnit4Provider.java:238)
	at org.apache.maven.surefire.junit4.JUnit4Provider.invoke(JUnit4Provider.java:161)
	at org.apache.maven.surefire.booter.ForkedBooter.invokeProviderInSameClassLoader(ForkedBooter.java:290)
	at org.apache.maven.surefire.booter.ForkedBooter.runSuitesInProcess(ForkedBooter.java:242)
	at org.apache.maven.surefire.booter.ForkedBooter.main(ForkedBooter.java:121)
</error>
    <system-err><![CDATA[Sep 05, 2018 6:57:13 PM ec.app.AppsTest testIfRuns
INFO: Testing src/main/resources/ec/app/p1e1/p1e1.params
]]></system-err>
  </testcase>
  <testcase name="testIfRuns[80: src/main/resources/ec/app/regression/steadynoerc.params]" classname="ec.app.AppsTest" time="0.036"/>
  <testcase name="testIfRuns[81: src/main/resources/ec/app/regression/quinticnoerc.params]" classname="ec.app.AppsTest" time="0.02"/>
  <testcase name="testIfRuns[82: src/main/resources/ec/app/regression/ge.params]" classname="ec.app.AppsTest" time="0.015"/>
  <testcase name="testIfRuns[83: src/main/resources/ec/app/regression/quinticerc.params]" classname="ec.app.AppsTest" time="0.012"/>
  <testcase name="testIfRuns[84: src/main/resources/ec/app/regression/noerc.params]" classname="ec.app.AppsTest" time="0.014"/>
  <testcase name="testIfRuns[85: src/main/resources/ec/app/regression/benchmark.params]" classname="ec.app.AppsTest" time="0.06"/>
  <testcase name="testIfRuns[86: src/main/resources/ec/app/regression/sexticnoerc.params]" classname="ec.app.AppsTest" time="0.014"/>
  <testcase name="testIfRuns[87: src/main/resources/ec/app/regression/sexticerc.params]" classname="ec.app.AppsTest" time="0.011"/>
  <testcase name="testIfRuns[88: src/main/resources/ec/app/regression/erc.params]" classname="ec.app.AppsTest" time="0.01"/>
  <testcase name="testIfRuns[89: src/main/resources/ec/app/regression/noerc2.params]" classname="ec.app.AppsTest" time="0.017"/>
  <testcase name="testIfRuns[90: src/main/resources/ec/app/mona/mona.params]" classname="ec.app.AppsTest" time="1.073"/>
  <testcase name="testIfRuns[91: src/main/resources/ec/app/sat/sat.params]" classname="ec.app.AppsTest" time="0.069"/>
  <testcase name="testIfRuns[92: src/main/resources/ec/app/klandscapes/klandscapes.params]" classname="ec.app.AppsTest" time="0.006"/>
</testsuite>