<?xml version="1.0" encoding="UTF-8"?>
<testsuite xmlns:xsi="http://www.w3.org/2001/XMLSchema-instance" xsi:schemaLocation="https://maven.apache.org/surefire/maven-surefire-plugin/xsd/surefire-test-report.xsd" name="ec.multiobjective.HypervolumeStatisticsTest" time="0.074" tests="18" errors="0" skipped="0" failures="0">
  <properties>
    <property name="java.runtime.name" value="OpenJDK Runtime Environment"/>
    <property name="sun.boot.library.path" value="/usr/lib/jvm/java-8-openjdk-amd64/jre/lib/amd64"/>
    <property name="java.vm.version" value="25.181-b13"/>
    <property name="java.vm.vendor" value="Oracle Corporation"/>
    <property name="maven.multiModuleProjectDirectory" value="/home/fmatonte/Desktop/AlgoritmosEvolutivos/p1e1/distribucionalumnos"/>
    <property name="java.vendor.url" value="http://java.oracle.com/"/>
    <property name="path.separator" value=":"/>
    <property name="guice.disable.misplaced.annotation.check" value="true"/>
    <property name="java.vm.name" value="OpenJDK 64-Bit Server VM"/>
    <property name="file.encoding.pkg" value="sun.io"/>
    <property name="user.country" value="US"/>
    <property name="sun.java.launcher" value="SUN_STANDARD"/>
    <property name="sun.os.patch.level" value="unknown"/>
    <property name="java.vm.specification.name" value="Java Virtual Machine Specification"/>
    <property name="user.dir" value="/home/fmatonte/Desktop/AlgoritmosEvolutivos/p1e1/distribucionalumnos"/>
    <property name="java.runtime.version" value="1.8.0_181-8u181-b13-0ubuntu0.16.04.1-b13"/>
    <property name="java.awt.graphicsenv" value="sun.awt.X11GraphicsEnvironment"/>
    <property name="java.endorsed.dirs" value="/usr/lib/jvm/java-8-openjdk-amd64/jre/lib/endorsed"/>
    <property name="os.arch" value="amd64"/>
    <property name="java.io.tmpdir" value="/tmp"/>
    <property name="line.separator" value="&#10;"/>
    <property name="java.vm.specification.vendor" value="Oracle Corporation"/>
    <property name="os.name" value="Linux"/>
    <property name="classworlds.conf" value="/usr/share/maven/bin/m2.conf"/>
    <property name="sun.jnu.encoding" value="UTF-8"/>
    <property name="java.library.path" value="/usr/java/packages/lib/amd64:/usr/lib/x86_64-linux-gnu/jni:/lib/x86_64-linux-gnu:/usr/lib/x86_64-linux-gnu:/usr/lib/jni:/lib:/usr/lib"/>
    <property name="java.specification.name" value="Java Platform API Specification"/>
    <property name="java.class.version" value="52.0"/>
    <property name="sun.management.compiler" value="HotSpot 64-Bit Tiered Compilers"/>
    <property name="os.version" value="4.4.0-134-generic"/>
    <property name="user.home" value="/home/fmatonte"/>
    <property name="user.timezone" value="America/Montevideo"/>
    <property name="java.awt.printerjob" value="sun.print.PSPrinterJob"/>
    <property name="file.encoding" value="UTF-8"/>
    <property name="java.specification.version" value="1.8"/>
    <property name="user.name" value="fmatonte"/>
    <property name="java.class.path" value="/usr/share/maven/boot/plexus-classworlds-2.x.jar"/>
    <property name="org.slf4j.simpleLogger.defaultLogLevel" value="debug"/>
    <property name="java.vm.specification.version" value="1.8"/>
    <property name="sun.arch.data.model" value="64"/>
    <property name="java.home" value="/usr/lib/jvm/java-8-openjdk-amd64/jre"/>
    <property name="sun.java.command" value="org.codehaus.plexus.classworlds.launcher.Launcher clean package -e -X"/>
    <property name="java.specification.vendor" value="Oracle Corporation"/>
    <property name="user.language" value="en"/>
    <property name="awt.toolkit" value="sun.awt.X11.XToolkit"/>
    <property name="java.vm.info" value="mixed mode"/>
    <property name="java.version" value="1.8.0_181"/>
    <property name="java.ext.dirs" value="/usr/lib/jvm/java-8-openjdk-amd64/jre/lib/ext:/usr/java/packages/lib/ext"/>
    <property name="securerandom.source" value="file:/dev/./urandom"/>
    <property name="sun.boot.class.path" value="/usr/lib/jvm/java-8-openjdk-amd64/jre/lib/resources.jar:/usr/lib/jvm/java-8-openjdk-amd64/jre/lib/rt.jar:/usr/lib/jvm/java-8-openjdk-amd64/jre/lib/sunrsasign.jar:/usr/lib/jvm/java-8-openjdk-amd64/jre/lib/jsse.jar:/usr/lib/jvm/java-8-openjdk-amd64/jre/lib/jce.jar:/usr/lib/jvm/java-8-openjdk-amd64/jre/lib/charsets.jar:/usr/lib/jvm/java-8-openjdk-amd64/jre/lib/jfr.jar:/usr/lib/jvm/java-8-openjdk-amd64/jre/classes"/>
    <property name="java.vendor" value="Oracle Corporation"/>
    <property name="maven.home" value="/usr/share/maven"/>
    <property name="file.separator" value="/"/>
    <property name="java.vendor.url.bug" value="http://bugreport.sun.com/bugreport/"/>
    <property name="sun.cpu.endian" value="little"/>
    <property name="sun.io.unicode.encoding" value="UnicodeLittle"/>
    <property name="sun.desktop" value="gnome"/>
    <property name="sun.cpu.isalist" value=""/>
  </properties>
  <testcase name="testHypervolume1" classname="ec.multiobjective.HypervolumeStatisticsTest" time="0.023"/>
  <testcase name="testHypervolume2" classname="ec.multiobjective.HypervolumeStatisticsTest" time="0.005"/>
  <testcase name="testHypervolume3" classname="ec.multiobjective.HypervolumeStatisticsTest" time="0.004"/>
  <testcase name="testHypervolume4" classname="ec.multiobjective.HypervolumeStatisticsTest" time="0.003"/>
  <testcase name="testHypervolume5" classname="ec.multiobjective.HypervolumeStatisticsTest" time="0.003"/>
  <testcase name="testHypervolume6" classname="ec.multiobjective.HypervolumeStatisticsTest" time="0.003"/>
  <testcase name="testHypervolume7" classname="ec.multiobjective.HypervolumeStatisticsTest" time="0.003"/>
  <testcase name="testHypervolume8" classname="ec.multiobjective.HypervolumeStatisticsTest" time="0.003"/>
  <testcase name="testHypervolume9" classname="ec.multiobjective.HypervolumeStatisticsTest" time="0.002"/>
  <testcase name="testInclusiveHypervolume1" classname="ec.multiobjective.HypervolumeStatisticsTest" time="0.001"/>
  <testcase name="testInclusiveHypervolume2" classname="ec.multiobjective.HypervolumeStatisticsTest" time="0.002"/>
  <testcase name="testInclusiveHypervolume3" classname="ec.multiobjective.HypervolumeStatisticsTest" time="0.002"/>
  <testcase name="testHypervolume10" classname="ec.multiobjective.HypervolumeStatisticsTest" time="0.001"/>
  <testcase name="testHypervolume11" classname="ec.multiobjective.HypervolumeStatisticsTest" time="0.003"/>
  <testcase name="testHypervolume12" classname="ec.multiobjective.HypervolumeStatisticsTest" time="0.003"/>
  <testcase name="testSetup1" classname="ec.multiobjective.HypervolumeStatisticsTest" time="0.005"/>
  <testcase name="testSetup2" classname="ec.multiobjective.HypervolumeStatisticsTest" time="0.001"/>
  <testcase name="testSetup3" classname="ec.multiobjective.HypervolumeStatisticsTest" time="0.001"/>
</testsuite>